[router]: In <app: messagelog> app
[django.db.backends]: (0.000) INSERT INTO `messagelog_message` (`contact_id`, `connection_id`, `direction`, `date`, `text`) VALUES (None, 1, I, 2013-10-27 14:48:44, rania alkadesa); args=(None, 1, 'I', u'2013-10-27 14:48:44', u'rania alkadesa')
[router]: In handle phase
[router]: In <app: SKD_app> app
[app/SKD_app]: got message rania alkadesa
[app/SKD_app]: An exception occurred
Traceback (most recent call last):
  File "/usr/local/lib/python2.7/dist-packages/RapidSMS-0.9.6a-py2.7.egg/rapidsms/router.py", line 378, in incoming
    handled = func(msg)
  File "/home/rania/SKD_Release1/apps/SKD_app/app.py", line 32, in handle
    if r[1] == 'W':
IndexError: list index out of range
[router]: In <app: handlers> app
[router]: In <app: ajax> app
[router]: In <app: default> app
[router]: In <app: messagelog> app
[router]: In default phase
[router]: In <app: SKD_app> app
[router]: In <app: handlers> app
[router]: In <app: ajax> app
[router]: In <app: default> app
[router]: In <app: messagelog> app
[router]: In cleanup phase
[router]: In <app: SKD_app> app
[router]: In <app: handlers> app
[router]: In <app: ajax> app
[router]: In <app: default> app
[router]: In <app: messagelog> app
[router]: Outgoing (+249123622402 via att): Sorry, RapidSMS could not understand your message.
[router]: Out outgoing phase
[router]: Out <app: messagelog> app
[django.db.backends]: (0.001) INSERT INTO `messagelog_message` (`contact_id`, `connection_id`, `direction`, `date`, `text`) VALUES (None, 1, O, 2013-10-27 14:48:44, Sorry, RapidSMS could not understand your message.); args=(None, 1, 'O', u'2013-10-27 14:48:44', u'Sorry, RapidSMS could not understand your message.')
[router]: Out <app: default> app
[router]: Out <app: ajax> app
[router]: Out <app: handlers> app
[router]: Out <app: SKD_app> app
[backend/att]: write: 'AT+CMGS=58\r'
[backend/att]: read: '\r\n'
[backend/att]: write: '0011000C914219322642200000AA32D3B75C9E6781A461789A3C6D4E41E3779D4D06B9DF7450DD4D2ECBE7F4B09B0CCABFEB7250BB3C9F87CF6517\x1a'
[backend/att]: read: '\r\n'
[backend/att]: read: '\r\n'
[backend/att]: read: '+CMGS: 182\r\n'
[backend/att]: read: '\r\n'
[backend/att]: read: 'OK\r\n'
[backend/att]: Polling modem for messages
[backend/att]: write: 'AT\r'
[backend/att]: read: '\r\n'
[backend/att]: read: 'OK\r\n'
[backend/att]: write: 'AT+CMGL=0\r'
[backend/att]: read: '\r\n'
[backend/att]: read: 'OK\r\n'
[backend/att]: Polling modem for messages
[backend/att]: write: 'AT\r'
[backend/att]: read: '\r\n'
[backend/att]: read: 'OK\r\n'
[backend/att]: write: 'AT+CMGL=0\r'
[backend/att]: read: '\r\n'
[backend/att]: read: 'OK\r\n'
[router]: Caught KeyboardInterrupt
[router]: Stopping...
[backend/att]: debug: Disconnecting
[router]: backend pyGSM terminated normally
[router]: backend <backend: message_tester> terminated normally
[router]: Stopped
